
  .   ____          _            __ _ _
 /\\ / ___'_ __ _ _(_)_ __  __ _ \ \ \ \
( ( )\___ | '_ | '_| | '_ \/ _` | \ \ \ \
 \\/  ___)| |_)| | | | | || (_| |  ) ) ) )
  '  |____| .__|_| |_|_| |_\__, | / / / /
 =========|_|==============|___/=/_/_/_/

 :: Spring Boot ::                (v4.0.1)

2026-02-01T02:14:01.286-03:00  INFO 8504 --- [sentimentapi] [           main] c.p.s.SentimentapiApplication            : Starting SentimentapiApplication v0.0.1-SNAPSHOT using Java 17.0.15 with PID 8504 (C:\Users\light\Documents\GitHub\sentiment_backend_java\target\sentimentapi-0.0.1-SNAPSHOT.jar started by light in C:\Users\light\Documents\GitHub\sentiment_backend_java)
2026-02-01T02:14:01.291-03:00  INFO 8504 --- [sentimentapi] [           main] c.p.s.SentimentapiApplication            : No active profile set, falling back to 1 default profile: "default"
2026-02-01T02:14:02.028-03:00  INFO 8504 --- [sentimentapi] [           main] .s.d.r.c.RepositoryConfigurationDelegate : Bootstrapping Spring Data JPA repositories in DEFAULT mode.
2026-02-01T02:14:02.250-03:00  INFO 8504 --- [sentimentapi] [           main] .s.d.r.c.RepositoryConfigurationDelegate : Finished Spring Data repository scanning in 211 ms. Found 7 JPA repository interfaces.
2026-02-01T02:14:02.762-03:00  INFO 8504 --- [sentimentapi] [           main] o.s.boot.tomcat.TomcatWebServer          : Tomcat initialized with port 8080 (http)
2026-02-01T02:14:02.773-03:00  INFO 8504 --- [sentimentapi] [           main] o.apache.catalina.core.StandardService   : Starting service [Tomcat]
2026-02-01T02:14:02.773-03:00  INFO 8504 --- [sentimentapi] [           main] o.apache.catalina.core.StandardEngine    : Starting Servlet engine: [Apache Tomcat/11.0.15]
2026-02-01T02:14:02.795-03:00  INFO 8504 --- [sentimentapi] [           main] b.w.c.s.WebApplicationContextInitializer : Root WebApplicationContext: initialization completed in 1446 ms
2026-02-01T02:14:02.845-03:00  INFO 8504 --- [sentimentapi] [           main] com.zaxxer.hikari.HikariDataSource       : HikariPool-1 - Starting...
2026-02-01T02:14:04.488-03:00  INFO 8504 --- [sentimentapi] [           main] com.zaxxer.hikari.pool.HikariPool        : HikariPool-1 - Added connection org.postgresql.jdbc.PgConnection@6c4ce583
2026-02-01T02:14:04.489-03:00  INFO 8504 --- [sentimentapi] [           main] com.zaxxer.hikari.HikariDataSource       : HikariPool-1 - Start completed.
2026-02-01T02:14:04.543-03:00  INFO 8504 --- [sentimentapi] [           main] org.hibernate.orm.jpa                    : HHH008540: Processing PersistenceUnitInfo [name: default]
2026-02-01T02:14:04.630-03:00  INFO 8504 --- [sentimentapi] [           main] org.hibernate.orm.core                   : HHH000001: Hibernate ORM core version 7.2.0.Final
2026-02-01T02:14:05.136-03:00  INFO 8504 --- [sentimentapi] [           main] o.s.o.j.p.SpringPersistenceUnitInfo      : No LoadTimeWeaver setup: ignoring JPA class transformer
2026-02-01T02:14:05.516-03:00  WARN 8504 --- [sentimentapi] [           main] org.hibernate.orm.deprecation            : HHH90000025: PostgreSQLDialect does not need to be specified explicitly using 'hibernate.dialect' (remove the property setting and it will be selected by default)
2026-02-01T02:14:06.151-03:00  INFO 8504 --- [sentimentapi] [           main] org.hibernate.orm.connections.pooling    : HHH10001005: Database info:
	Database JDBC URL [jdbc:postgresql://dpg-d5vdmql6ubrc73cd72ig-a.oregon-postgres.render.com:5432/sentiment_db_ay8e]
	Database driver: PostgreSQL JDBC Driver
	Database dialect: PostgreSQLDialect
	Database version: 18.1
	Default catalog/schema: sentiment_db_ay8e/public
	Autocommit mode: undefined/unknown
	Isolation level: READ_COMMITTED [default READ_COMMITTED]
	JDBC fetch size: none
	Pool: DataSourceConnectionProvider
	Minimum pool size: undefined/unknown
	Maximum pool size: undefined/unknown
2026-02-01T02:14:07.222-03:00  INFO 8504 --- [sentimentapi] [           main] org.hibernate.orm.core                   : HHH000489: No JTA platform available (set 'hibernate.transaction.jta.platform' to enable JTA platform integration)
2026-02-01T02:14:08.607-03:00  INFO 8504 --- [sentimentapi] [           main] j.LocalContainerEntityManagerFactoryBean : Initialized JPA EntityManagerFactory for persistence unit 'default'
2026-02-01T02:14:08.667-03:00  INFO 8504 --- [sentimentapi] [           main] o.s.d.j.r.query.QueryEnhancerFactories   : Hibernate is in classpath; If applicable, HQL parser will be used.
2026-02-01T02:14:09.651-03:00  WARN 8504 --- [sentimentapi] [           main] JpaBaseConfiguration$JpaWebConfiguration : spring.jpa.open-in-view is enabled by default. Therefore, database queries may be performed during view rendering. Explicitly configure spring.jpa.open-in-view to disable this warning
2026-02-01T02:14:09.959-03:00  INFO 8504 --- [sentimentapi] [           main] o.s.boot.tomcat.TomcatWebServer          : Tomcat started on port 8080 (http) with context path '/project/api/v2'
2026-02-01T02:14:09.969-03:00  INFO 8504 --- [sentimentapi] [           main] c.p.s.SentimentapiApplication            : Started SentimentapiApplication in 9.074 seconds (process running for 9.551)
=== Inicializando datos base ===
Hibernate: select count(*) from rol r1_0
Hibernate: select count(*) from rol r1_0
Roles ya existen: 2
=== Inicializacion completada ===
2026-02-01T02:14:24.184-03:00  INFO 8504 --- [sentimentapi] [nio-8080-exec-1] o.a.c.c.C.[.[.[/project/api/v2]          : Initializing Spring DispatcherServlet 'dispatcherServlet'
2026-02-01T02:14:24.184-03:00  INFO 8504 --- [sentimentapi] [nio-8080-exec-1] o.s.web.servlet.DispatcherServlet        : Initializing Servlet 'dispatcherServlet'
2026-02-01T02:14:24.185-03:00  INFO 8504 --- [sentimentapi] [nio-8080-exec-1] o.s.web.servlet.DispatcherServlet        : Completed initialization in 1 ms
? JWT Filter - Path: /project/api/v2/usuario | Method: POST
? Ruta pública - Sin validación JWT
====================================
REGISTRANDO USUARIO: nuevo@test.com
Hibernate: select u1_0.usuario_id,u1_0.apellido,u1_0.contrasena,u1_0.correo,u1_0.nombre from usuarios u1_0 where u1_0.correo=?
Hibernate: select r1_0.rol_id,r1_0.nombre_rol from rol r1_0 where r1_0.rol_id=?
Hibernate: insert into usuarios (apellido,contrasena,correo,nombre) values (?,?,?,?)
Usuario guardado con ID: 6
Publicando evento UserRegisteredEvent...
REGISTRO COMPLETADO
====================================
Hibernate: insert into user_rol (user_id,rol_id) values (?,?)
====================================
EVENTO: Creando categorias para usuario: nuevo@test.com
Usuario ID: 6
Hibernate: insert into categoria (descripcion,nombre_categoria,usuario_id) values (?,?,?)
Hibernate: insert into categoria (descripcion,nombre_categoria,usuario_id) values (?,?,?)
Hibernate: insert into categoria (descripcion,nombre_categoria,usuario_id) values (?,?,?)
Hibernate: insert into categoria (descripcion,nombre_categoria,usuario_id) values (?,?,?)
Hibernate: insert into categoria (descripcion,nombre_categoria,usuario_id) values (?,?,?)
Hibernate: insert into categoria (descripcion,nombre_categoria,usuario_id) values (?,?,?)
Hibernate: insert into categoria (descripcion,nombre_categoria,usuario_id) values (?,?,?)
Hibernate: insert into categoria (descripcion,nombre_categoria,usuario_id) values (?,?,?)
Hibernate: insert into categoria (descripcion,nombre_categoria,usuario_id) values (?,?,?)
Hibernate: insert into categoria (descripcion,nombre_categoria,usuario_id) values (?,?,?)
Hibernate: insert into categoria (descripcion,nombre_categoria,usuario_id) values (?,?,?)
Hibernate: insert into categoria (descripcion,nombre_categoria,usuario_id) values (?,?,?)
EXITO: 12 categorias creadas
====================================
? JWT Filter - Path: /project/api/v2/usuario | Method: POST
? Ruta pública - Sin validación JWT
====================================
REGISTRANDO USUARIO: nuevo@test.com
Hibernate: select u1_0.usuario_id,u1_0.apellido,u1_0.contrasena,u1_0.correo,u1_0.nombre from usuarios u1_0 where u1_0.correo=?
2026-02-01T02:14:29.485-03:00 ERROR 8504 --- [sentimentapi] [nio-8080-exec-2] o.a.c.c.C.[.[.[.[dispatcherServlet]      : Servlet.service() for servlet [dispatcherServlet] in context with path [/project/api/v2] threw exception [Request processing failed: java.lang.RuntimeException: El correo ya esta registrado] with root cause

java.lang.RuntimeException: El correo ya esta registrado
	at com.project.sentimentapi.service.UserServiceImplement.registrarUsuario(UserServiceImplement.java:43) ~[!/:0.0.1-SNAPSHOT]
	at java.base/jdk.internal.reflect.NativeMethodAccessorImpl.invoke0(Native Method) ~[na:na]
	at java.base/jdk.internal.reflect.NativeMethodAccessorImpl.invoke(NativeMethodAccessorImpl.java:77) ~[na:na]
	at java.base/jdk.internal.reflect.DelegatingMethodAccessorImpl.invoke(DelegatingMethodAccessorImpl.java:43) ~[na:na]
	at java.base/java.lang.reflect.Method.invoke(Method.java:568) ~[na:na]
	at org.springframework.aop.support.AopUtils.invokeJoinpointUsingReflection(AopUtils.java:359) ~[spring-aop-7.0.2.jar!/:7.0.2]
	at org.springframework.aop.framework.ReflectiveMethodInvocation.invokeJoinpoint(ReflectiveMethodInvocation.java:190) ~[spring-aop-7.0.2.jar!/:7.0.2]
	at org.springframework.aop.framework.ReflectiveMethodInvocation.proceed(ReflectiveMethodInvocation.java:158) ~[spring-aop-7.0.2.jar!/:7.0.2]
	at org.springframework.transaction.interceptor.TransactionAspectSupport.invokeWithinTransaction(TransactionAspectSupport.java:370) ~[spring-tx-7.0.2.jar!/:7.0.2]
	at org.springframework.transaction.interceptor.TransactionInterceptor.invoke(TransactionInterceptor.java:118) ~[spring-tx-7.0.2.jar!/:7.0.2]
	at org.springframework.aop.framework.ReflectiveMethodInvocation.proceed(ReflectiveMethodInvocation.java:179) ~[spring-aop-7.0.2.jar!/:7.0.2]
	at org.springframework.aop.framework.CglibAopProxy$DynamicAdvisedInterceptor.intercept(CglibAopProxy.java:719) ~[spring-aop-7.0.2.jar!/:7.0.2]
	at com.project.sentimentapi.service.UserServiceImplement$$SpringCGLIB$$0.registrarUsuario(<generated>) ~[!/:0.0.1-SNAPSHOT]
	at com.project.sentimentapi.controller.UsuarioController.registrarUsuario(UsuarioController.java:17) ~[!/:0.0.1-SNAPSHOT]
	at java.base/jdk.internal.reflect.NativeMethodAccessorImpl.invoke0(Native Method) ~[na:na]
	at java.base/jdk.internal.reflect.NativeMethodAccessorImpl.invoke(NativeMethodAccessorImpl.java:77) ~[na:na]
	at java.base/jdk.internal.reflect.DelegatingMethodAccessorImpl.invoke(DelegatingMethodAccessorImpl.java:43) ~[na:na]
	at java.base/java.lang.reflect.Method.invoke(Method.java:568) ~[na:na]
	at org.springframework.web.method.support.InvocableHandlerMethod.doInvoke(InvocableHandlerMethod.java:258) ~[spring-web-7.0.2.jar!/:7.0.2]
	at org.springframework.web.method.support.InvocableHandlerMethod.invokeForRequest(InvocableHandlerMethod.java:190) ~[spring-web-7.0.2.jar!/:7.0.2]
	at org.springframework.web.servlet.mvc.method.annotation.ServletInvocableHandlerMethod.invokeAndHandle(ServletInvocableHandlerMethod.java:117) ~[spring-webmvc-7.0.2.jar!/:7.0.2]
	at org.springframework.web.servlet.mvc.method.annotation.RequestMappingHandlerAdapter.invokeHandlerMethod(RequestMappingHandlerAdapter.java:934) ~[spring-webmvc-7.0.2.jar!/:7.0.2]
	at org.springframework.web.servlet.mvc.method.annotation.RequestMappingHandlerAdapter.handleInternal(RequestMappingHandlerAdapter.java:853) ~[spring-webmvc-7.0.2.jar!/:7.0.2]
	at org.springframework.web.servlet.mvc.method.AbstractHandlerMethodAdapter.handle(AbstractHandlerMethodAdapter.java:86) ~[spring-webmvc-7.0.2.jar!/:7.0.2]
	at org.springframework.web.servlet.DispatcherServlet.doDispatch(DispatcherServlet.java:963) ~[spring-webmvc-7.0.2.jar!/:7.0.2]
	at org.springframework.web.servlet.DispatcherServlet.doService(DispatcherServlet.java:866) ~[spring-webmvc-7.0.2.jar!/:7.0.2]
	at org.springframework.web.servlet.FrameworkServlet.processRequest(FrameworkServlet.java:1003) ~[spring-webmvc-7.0.2.jar!/:7.0.2]
	at org.springframework.web.servlet.FrameworkServlet.doPost(FrameworkServlet.java:903) ~[spring-webmvc-7.0.2.jar!/:7.0.2]
	at jakarta.servlet.http.HttpServlet.service(HttpServlet.java:649) ~[tomcat-embed-core-11.0.15.jar!/:na]
	at org.springframework.web.servlet.FrameworkServlet.service(FrameworkServlet.java:874) ~[spring-webmvc-7.0.2.jar!/:7.0.2]
	at jakarta.servlet.http.HttpServlet.service(HttpServlet.java:710) ~[tomcat-embed-core-11.0.15.jar!/:na]
	at org.apache.catalina.core.ApplicationFilterChain.doFilter(ApplicationFilterChain.java:128) ~[tomcat-embed-core-11.0.15.jar!/:na]
	at org.apache.tomcat.websocket.server.WsFilter.doFilter(WsFilter.java:53) ~[tomcat-embed-websocket-11.0.15.jar!/:na]
	at org.apache.catalina.core.ApplicationFilterChain.doFilter(ApplicationFilterChain.java:107) ~[tomcat-embed-core-11.0.15.jar!/:na]
	at org.springframework.web.filter.RequestContextFilter.doFilterInternal(RequestContextFilter.java:100) ~[spring-web-7.0.2.jar!/:7.0.2]
	at org.springframework.web.filter.OncePerRequestFilter.doFilter(OncePerRequestFilter.java:116) ~[spring-web-7.0.2.jar!/:7.0.2]
	at org.apache.catalina.core.ApplicationFilterChain.doFilter(ApplicationFilterChain.java:107) ~[tomcat-embed-core-11.0.15.jar!/:na]
	at org.springframework.web.filter.FormContentFilter.doFilterInternal(FormContentFilter.java:93) ~[spring-web-7.0.2.jar!/:7.0.2]
	at org.springframework.web.filter.OncePerRequestFilter.doFilter(OncePerRequestFilter.java:116) ~[spring-web-7.0.2.jar!/:7.0.2]
	at org.apache.catalina.core.ApplicationFilterChain.doFilter(ApplicationFilterChain.java:107) ~[tomcat-embed-core-11.0.15.jar!/:na]
	at com.project.sentimentapi.security.JwtAuthenticationFilter.doFilterInternal(JwtAuthenticationFilter.java:42) ~[!/:0.0.1-SNAPSHOT]
	at org.springframework.web.filter.OncePerRequestFilter.doFilter(OncePerRequestFilter.java:116) ~[spring-web-7.0.2.jar!/:7.0.2]
	at org.apache.catalina.core.ApplicationFilterChain.doFilter(ApplicationFilterChain.java:107) ~[tomcat-embed-core-11.0.15.jar!/:na]
	at org.springframework.web.filter.CharacterEncodingFilter.doFilterInternal(CharacterEncodingFilter.java:199) ~[spring-web-7.0.2.jar!/:7.0.2]
	at org.springframework.web.filter.OncePerRequestFilter.doFilter(OncePerRequestFilter.java:116) ~[spring-web-7.0.2.jar!/:7.0.2]
	at org.apache.catalina.core.ApplicationFilterChain.doFilter(ApplicationFilterChain.java:107) ~[tomcat-embed-core-11.0.15.jar!/:na]
	at org.springframework.web.filter.CorsFilter.doFilterInternal(CorsFilter.java:91) ~[spring-web-7.0.2.jar!/:7.0.2]
	at org.springframework.web.filter.OncePerRequestFilter.doFilter(OncePerRequestFilter.java:116) ~[spring-web-7.0.2.jar!/:7.0.2]
	at org.apache.catalina.core.ApplicationFilterChain.doFilter(ApplicationFilterChain.java:107) ~[tomcat-embed-core-11.0.15.jar!/:na]
	at org.apache.catalina.core.StandardWrapperValve.invoke(StandardWrapperValve.java:165) ~[tomcat-embed-core-11.0.15.jar!/:na]
	at org.apache.catalina.core.StandardContextValve.invoke(StandardContextValve.java:77) ~[tomcat-embed-core-11.0.15.jar!/:na]
	at org.apache.catalina.authenticator.AuthenticatorBase.invoke(AuthenticatorBase.java:482) ~[tomcat-embed-core-11.0.15.jar!/:na]
	at org.apache.catalina.core.StandardHostValve.invoke(StandardHostValve.java:113) ~[tomcat-embed-core-11.0.15.jar!/:na]
	at org.apache.catalina.valves.ErrorReportValve.invoke(ErrorReportValve.java:83) ~[tomcat-embed-core-11.0.15.jar!/:na]
	at org.apache.catalina.core.StandardEngineValve.invoke(StandardEngineValve.java:72) ~[tomcat-embed-core-11.0.15.jar!/:na]
	at org.apache.catalina.connector.CoyoteAdapter.service(CoyoteAdapter.java:341) ~[tomcat-embed-core-11.0.15.jar!/:na]
	at org.apache.coyote.http11.Http11Processor.service(Http11Processor.java:397) ~[tomcat-embed-core-11.0.15.jar!/:na]
	at org.apache.coyote.AbstractProcessorLight.process(AbstractProcessorLight.java:63) ~[tomcat-embed-core-11.0.15.jar!/:na]
	at org.apache.coyote.AbstractProtocol$ConnectionHandler.process(AbstractProtocol.java:903) ~[tomcat-embed-core-11.0.15.jar!/:na]
	at org.apache.tomcat.util.net.NioEndpoint$SocketProcessor.doRun(NioEndpoint.java:1778) ~[tomcat-embed-core-11.0.15.jar!/:na]
	at org.apache.tomcat.util.net.SocketProcessorBase.run(SocketProcessorBase.java:52) ~[tomcat-embed-core-11.0.15.jar!/:na]
	at org.apache.tomcat.util.threads.ThreadPoolExecutor.runWorker(ThreadPoolExecutor.java:946) ~[tomcat-embed-core-11.0.15.jar!/:na]
	at org.apache.tomcat.util.threads.ThreadPoolExecutor$Worker.run(ThreadPoolExecutor.java:480) ~[tomcat-embed-core-11.0.15.jar!/:na]
	at org.apache.tomcat.util.threads.TaskThread$WrappingRunnable.run(TaskThread.java:57) ~[tomcat-embed-core-11.0.15.jar!/:na]
	at java.base/java.lang.Thread.run(Thread.java:842) ~[na:na]

? JWT Filter - Path: /project/api/v2/usuario | Method: POST
? Ruta pública - Sin validación JWT
====================================
REGISTRANDO USUARIO: test_021441@example.com
Hibernate: select u1_0.usuario_id,u1_0.apellido,u1_0.contrasena,u1_0.correo,u1_0.nombre from usuarios u1_0 where u1_0.correo=?
Hibernate: select r1_0.rol_id,r1_0.nombre_rol from rol r1_0 where r1_0.rol_id=?
Hibernate: insert into usuarios (apellido,contrasena,correo,nombre) values (?,?,?,?)
Usuario guardado con ID: 7
Publicando evento UserRegisteredEvent...
REGISTRO COMPLETADO
====================================
Hibernate: insert into user_rol (user_id,rol_id) values (?,?)
====================================
EVENTO: Creando categorias para usuario: test_021441@example.com
Usuario ID: 7
Hibernate: insert into categoria (descripcion,nombre_categoria,usuario_id) values (?,?,?)
Hibernate: insert into categoria (descripcion,nombre_categoria,usuario_id) values (?,?,?)
Hibernate: insert into categoria (descripcion,nombre_categoria,usuario_id) values (?,?,?)
Hibernate: insert into categoria (descripcion,nombre_categoria,usuario_id) values (?,?,?)
Hibernate: insert into categoria (descripcion,nombre_categoria,usuario_id) values (?,?,?)
Hibernate: insert into categoria (descripcion,nombre_categoria,usuario_id) values (?,?,?)
Hibernate: insert into categoria (descripcion,nombre_categoria,usuario_id) values (?,?,?)
Hibernate: insert into categoria (descripcion,nombre_categoria,usuario_id) values (?,?,?)
Hibernate: insert into categoria (descripcion,nombre_categoria,usuario_id) values (?,?,?)
Hibernate: insert into categoria (descripcion,nombre_categoria,usuario_id) values (?,?,?)
Hibernate: insert into categoria (descripcion,nombre_categoria,usuario_id) values (?,?,?)
Hibernate: insert into categoria (descripcion,nombre_categoria,usuario_id) values (?,?,?)
EXITO: 12 categorias creadas
====================================
? JWT Filter - Path: /project/api/v2/usuario | Method: POST
? Ruta pública - Sin validación JWT
====================================
REGISTRANDO USUARIO: test_nuevo123@example.com
Hibernate: select u1_0.usuario_id,u1_0.apellido,u1_0.contrasena,u1_0.correo,u1_0.nombre from usuarios u1_0 where u1_0.correo=?
Hibernate: select r1_0.rol_id,r1_0.nombre_rol from rol r1_0 where r1_0.rol_id=?
Hibernate: insert into usuarios (apellido,contrasena,correo,nombre) values (?,?,?,?)
Usuario guardado con ID: 8
Publicando evento UserRegisteredEvent...
REGISTRO COMPLETADO
====================================
Hibernate: insert into user_rol (user_id,rol_id) values (?,?)
====================================
EVENTO: Creando categorias para usuario: test_nuevo123@example.com
Usuario ID: 8
Hibernate: insert into categoria (descripcion,nombre_categoria,usuario_id) values (?,?,?)
Hibernate: insert into categoria (descripcion,nombre_categoria,usuario_id) values (?,?,?)
Hibernate: insert into categoria (descripcion,nombre_categoria,usuario_id) values (?,?,?)
Hibernate: insert into categoria (descripcion,nombre_categoria,usuario_id) values (?,?,?)
Hibernate: insert into categoria (descripcion,nombre_categoria,usuario_id) values (?,?,?)
Hibernate: insert into categoria (descripcion,nombre_categoria,usuario_id) values (?,?,?)
Hibernate: insert into categoria (descripcion,nombre_categoria,usuario_id) values (?,?,?)
Hibernate: insert into categoria (descripcion,nombre_categoria,usuario_id) values (?,?,?)
Hibernate: insert into categoria (descripcion,nombre_categoria,usuario_id) values (?,?,?)
Hibernate: insert into categoria (descripcion,nombre_categoria,usuario_id) values (?,?,?)
Hibernate: insert into categoria (descripcion,nombre_categoria,usuario_id) values (?,?,?)
Hibernate: insert into categoria (descripcion,nombre_categoria,usuario_id) values (?,?,?)
EXITO: 12 categorias creadas
====================================
? JWT Filter - Path: /project/api/v2/usuario/login | Method: POST
? Ruta pública - Sin validación JWT
Intentando login para: test_nuevo123@example.com
Hibernate: select u1_0.usuario_id,u1_0.apellido,u1_0.contrasena,u1_0.correo,u1_0.nombre from usuarios u1_0 where u1_0.correo=?
Login exitoso - Token generado para: test_nuevo123@example.com
? JWT Filter - Path: /project/api/v2/usuario/login | Method: POST
? Ruta pública - Sin validación JWT
Intentando login para: test_nuevo123@example.com
Hibernate: select u1_0.usuario_id,u1_0.apellido,u1_0.contrasena,u1_0.correo,u1_0.nombre from usuarios u1_0 where u1_0.correo=?
Login exitoso - Token generado para: test_nuevo123@example.com
? JWT Filter - Path: /project/api/v2/usuario | Method: POST
? Ruta pública - Sin validación JWT
====================================
REGISTRANDO USUARIO: gustavovasquezserey@gmail.com
Hibernate: select u1_0.usuario_id,u1_0.apellido,u1_0.contrasena,u1_0.correo,u1_0.nombre from usuarios u1_0 where u1_0.correo=?
Hibernate: select r1_0.rol_id,r1_0.nombre_rol from rol r1_0 where r1_0.rol_id=?
Hibernate: insert into usuarios (apellido,contrasena,correo,nombre) values (?,?,?,?)
Usuario guardado con ID: 9
Publicando evento UserRegisteredEvent...
REGISTRO COMPLETADO
====================================
Hibernate: insert into user_rol (user_id,rol_id) values (?,?)
====================================
EVENTO: Creando categorias para usuario: gustavovasquezserey@gmail.com
Usuario ID: 9
Hibernate: insert into categoria (descripcion,nombre_categoria,usuario_id) values (?,?,?)
Hibernate: insert into categoria (descripcion,nombre_categoria,usuario_id) values (?,?,?)
Hibernate: insert into categoria (descripcion,nombre_categoria,usuario_id) values (?,?,?)
Hibernate: insert into categoria (descripcion,nombre_categoria,usuario_id) values (?,?,?)
Hibernate: insert into categoria (descripcion,nombre_categoria,usuario_id) values (?,?,?)
Hibernate: insert into categoria (descripcion,nombre_categoria,usuario_id) values (?,?,?)
Hibernate: insert into categoria (descripcion,nombre_categoria,usuario_id) values (?,?,?)
Hibernate: insert into categoria (descripcion,nombre_categoria,usuario_id) values (?,?,?)
Hibernate: insert into categoria (descripcion,nombre_categoria,usuario_id) values (?,?,?)
Hibernate: insert into categoria (descripcion,nombre_categoria,usuario_id) values (?,?,?)
Hibernate: insert into categoria (descripcion,nombre_categoria,usuario_id) values (?,?,?)
Hibernate: insert into categoria (descripcion,nombre_categoria,usuario_id) values (?,?,?)
EXITO: 12 categorias creadas
====================================
? JWT Filter - Path: /project/api/v2/usuario/login | Method: POST
? Ruta pública - Sin validación JWT
Intentando login para: gustavovasquezserey@gmail.com
Hibernate: select u1_0.usuario_id,u1_0.apellido,u1_0.contrasena,u1_0.correo,u1_0.nombre from usuarios u1_0 where u1_0.correo=?
Login exitoso - Token generado para: gustavovasquezserey@gmail.com
? JWT Filter - Path: /project/api/v2/categoria | Method: GET
Hibernate: select u1_0.usuario_id,u1_0.apellido,u1_0.contrasena,u1_0.correo,u1_0.nombre from usuarios u1_0 where u1_0.correo=?
? Token válido - Usuario: gustavovasquezserey@gmail.com
Hibernate: select u1_0.usuario_id,u1_0.apellido,u1_0.contrasena,u1_0.correo,u1_0.nombre from usuarios u1_0 where u1_0.usuario_id=?
Hibernate: select c1_0.categoria_id,c1_0.descripcion,c1_0.nombre_categoria,c1_0.usuario_id from categoria c1_0 where c1_0.usuario_id=? order by c1_0.nombre_categoria
Hibernate: select p1_0.categoria_id,p1_0.producto_id,p1_0.fecha_creacion,p1_0.negativos,p1_0.neutrales,p1_0.nombre_producto,p1_0.positivos,p1_0.total_menciones,p1_0.ultima_actualizacion,p1_0.usuario_id from producto p1_0 where p1_0.categoria_id=?
Hibernate: select p1_0.categoria_id,p1_0.producto_id,p1_0.fecha_creacion,p1_0.negativos,p1_0.neutrales,p1_0.nombre_producto,p1_0.positivos,p1_0.total_menciones,p1_0.ultima_actualizacion,p1_0.usuario_id from producto p1_0 where p1_0.categoria_id=?
Hibernate: select p1_0.categoria_id,p1_0.producto_id,p1_0.fecha_creacion,p1_0.negativos,p1_0.neutrales,p1_0.nombre_producto,p1_0.positivos,p1_0.total_menciones,p1_0.ultima_actualizacion,p1_0.usuario_id from producto p1_0 where p1_0.categoria_id=?
Hibernate: select p1_0.categoria_id,p1_0.producto_id,p1_0.fecha_creacion,p1_0.negativos,p1_0.neutrales,p1_0.nombre_producto,p1_0.positivos,p1_0.total_menciones,p1_0.ultima_actualizacion,p1_0.usuario_id from producto p1_0 where p1_0.categoria_id=?
Hibernate: select p1_0.categoria_id,p1_0.producto_id,p1_0.fecha_creacion,p1_0.negativos,p1_0.neutrales,p1_0.nombre_producto,p1_0.positivos,p1_0.total_menciones,p1_0.ultima_actualizacion,p1_0.usuario_id from producto p1_0 where p1_0.categoria_id=?
Hibernate: select p1_0.categoria_id,p1_0.producto_id,p1_0.fecha_creacion,p1_0.negativos,p1_0.neutrales,p1_0.nombre_producto,p1_0.positivos,p1_0.total_menciones,p1_0.ultima_actualizacion,p1_0.usuario_id from producto p1_0 where p1_0.categoria_id=?
Hibernate: select p1_0.categoria_id,p1_0.producto_id,p1_0.fecha_creacion,p1_0.negativos,p1_0.neutrales,p1_0.nombre_producto,p1_0.positivos,p1_0.total_menciones,p1_0.ultima_actualizacion,p1_0.usuario_id from producto p1_0 where p1_0.categoria_id=?
Hibernate: select p1_0.categoria_id,p1_0.producto_id,p1_0.fecha_creacion,p1_0.negativos,p1_0.neutrales,p1_0.nombre_producto,p1_0.positivos,p1_0.total_menciones,p1_0.ultima_actualizacion,p1_0.usuario_id from producto p1_0 where p1_0.categoria_id=?
Hibernate: select p1_0.categoria_id,p1_0.producto_id,p1_0.fecha_creacion,p1_0.negativos,p1_0.neutrales,p1_0.nombre_producto,p1_0.positivos,p1_0.total_menciones,p1_0.ultima_actualizacion,p1_0.usuario_id from producto p1_0 where p1_0.categoria_id=?
Hibernate: select p1_0.categoria_id,p1_0.producto_id,p1_0.fecha_creacion,p1_0.negativos,p1_0.neutrales,p1_0.nombre_producto,p1_0.positivos,p1_0.total_menciones,p1_0.ultima_actualizacion,p1_0.usuario_id from producto p1_0 where p1_0.categoria_id=?
Hibernate: select p1_0.categoria_id,p1_0.producto_id,p1_0.fecha_creacion,p1_0.negativos,p1_0.neutrales,p1_0.nombre_producto,p1_0.positivos,p1_0.total_menciones,p1_0.ultima_actualizacion,p1_0.usuario_id from producto p1_0 where p1_0.categoria_id=?
Hibernate: select p1_0.categoria_id,p1_0.producto_id,p1_0.fecha_creacion,p1_0.negativos,p1_0.neutrales,p1_0.nombre_producto,p1_0.positivos,p1_0.total_menciones,p1_0.ultima_actualizacion,p1_0.usuario_id from producto p1_0 where p1_0.categoria_id=?
? JWT Filter - Path: /project/api/v2/producto/categoria/42 | Method: GET
Hibernate: select u1_0.usuario_id,u1_0.apellido,u1_0.contrasena,u1_0.correo,u1_0.nombre from usuarios u1_0 where u1_0.correo=?
? Token válido - Usuario: gustavovasquezserey@gmail.com
